2022-10-21 11:17:22: [32m[React SSR]启动成功, 地址为:[39m [32m[4mhttp://localhost:8888[24m[39m
2022-10-21 11:17:23: [32m[React SSR]启动成功, 地址为:[39m [32m[4mhttp://localhost:8888[24m[39m
2022-10-21 11:17:23: [32m[React SSR]启动成功, 地址为:[39m [32m[4mhttp://localhost:8888[24m[39m
2022-10-21 11:17:23: [32m[React SSR]启动成功, 地址为:[39m [32m[4mhttp://localhost:8888[24m[39m
2022-10-21 11:17:23: [32m[React SSR]启动成功, 地址为:[39m [32m[4mhttp://localhost:8888[24m[39m
2022-10-21 11:17:23: [32m[React SSR]启动成功, 地址为:[39m [32m[4mhttp://localhost:8888[24m[39m
2022-10-21 11:17:23: [32m[React SSR]启动成功, 地址为:[39m [32m[4mhttp://localhost:8888[24m[39m
2022-10-21 11:17:23: [32m[React SSR]启动成功, 地址为:[39m [32m[4mhttp://localhost:8888[24m[39m
2022-10-21 11:18:07: AxiosError: timeout of 10000ms exceeded
    at RedirectableRequest.handleRequestTimeout (/Users/anlei/Desktop/baas-explorer/node_modules/axios/lib/adapters/http.js:552:16)
    at RedirectableRequest.emit (node:events:513:28)
    at RedirectableRequest.emit (node:domain:489:12)
    at Timeout.<anonymous> (/Users/anlei/Desktop/baas-explorer/node_modules/follow-redirects/index.js:169:12)
    at listOnTimeout (node:internal/timers:559:17)
    at processTimers (node:internal/timers:502:7) {
  code: 'ECONNABORTED',
  config: {
    transitional: {
      silentJSONParsing: true,
      forcedJSONParsing: true,
      clarifyTimeoutError: false
    },
    adapter: [Function: httpAdapter],
    transformRequest: [ [Function: transformRequest] ],
    transformResponse: [ [Function: transformResponse] ],
    timeout: 10000,
    xsrfCookieName: 'XSRF-TOKEN',
    xsrfHeaderName: 'X-XSRF-TOKEN',
    maxContentLength: -1,
    maxBodyLength: -1,
    env: { FormData: [Function], Blob: null },
    validateStatus: [Function: validateStatus],
    headers: AxiosHeaders {
      'User-Agent': 'axios/1.1.2',
      'Accept-Encoding': 'gzip, deflate, br',
      [Symbol(defaults)]: [Object]
    },
    method: 'get',
    url: 'http://localhost:8888/api/transactions/getLastTransactions',
    data: undefined
  },
  request: <ref *1> Writable {
    _writableState: WritableState {
      objectMode: false,
      highWaterMark: 16384,
      finalCalled: false,
      needDrain: false,
      ending: false,
      ended: false,
      finished: false,
      destroyed: false,
      decodeStrings: true,
      defaultEncoding: 'utf8',
      length: 0,
      writing: false,
      corked: 0,
      sync: true,
      bufferProcessing: false,
      onwrite: [Function: bound onwrite],
      writecb: null,
      writelen: 0,
      afterWriteTickInfo: null,
      buffered: [],
      bufferedIndex: 0,
      allBuffers: true,
      allNoop: true,
      pendingcb: 0,
      constructed: true,
      prefinished: false,
      errorEmitted: false,
      emitClose: true,
      autoDestroy: true,
      errored: null,
      closed: false,
      closeEmitted: false,
      [Symbol(kOnFinished)]: []
    },
    _events: [Object: null prototype] {
      response: [Function: handleResponse],
      error: [Function: handleRequestError],
      socket: [Array]
    },
    _eventsCount: 3,
    _maxListeners: undefined,
    _options: {
      maxRedirects: 21,
      maxBodyLength: Infinity,
      protocol: 'http:',
      path: '/api/transactions/getLastTransactions',
      method: 'GET',
      headers: [Object: null prototype],
      agents: [Object],
      auth: undefined,
      beforeRedirect: [Function: dispatchBeforeRedirect],
      beforeRedirects: [Object],
      hostname: 'localhost',
      port: '8888',
      agent: undefined,
      nativeProtocols: [Object],
      pathname: '/api/transactions/getLastTransactions'
    },
    _ended: true,
    _ending: true,
    _redirectCount: 0,
    _redirects: [],
    _requestBodyLength: 0,
    _requestBodyBuffers: [],
    _onNativeResponse: [Function (anonymous)],
    _currentRequest: ClientRequest {
      _events: [Object: null prototype],
      _eventsCount: 7,
      _maxListeners: undefined,
      outputData: [],
      outputSize: 0,
      writable: true,
      destroyed: false,
      _last: true,
      chunkedEncoding: false,
      shouldKeepAlive: false,
      maxRequestsOnConnectionReached: false,
      _defaultKeepAlive: true,
      useChunkedEncodingByDefault: false,
      sendDate: false,
      _removedConnection: false,
      _removedContLen: false,
      _removedTE: false,
      _contentLength: 0,
      _hasBody: true,
      _trailer: '',
      finished: true,
      _headerSent: true,
      _closed: false,
      socket: [Socket],
      _header: 'GET /api/transactions/getLastTransactions HTTP/1.1\r\n' +
        'Accept: application/json, text/plain, */*\r\n' +
        'User-Agent: axios/1.1.2\r\n' +
        'Accept-Encoding: gzip, deflate, br\r\n' +
        'Host: localhost:8888\r\n' +
        'Connection: close\r\n' +
        '\r\n',
      _keepAliveTimeout: 0,
      _onPendingData: [Function: nop],
      agent: [Agent],
      socketPath: undefined,
      method: 'GET',
      maxHeaderSize: undefined,
      insecureHTTPParser: undefined,
      path: '/api/transactions/getLastTransactions',
      _ended: false,
      res: null,
      aborted: false,
      timeoutCb: null,
      upgradeOrConnect: false,
      parser: [HTTPParser],
      maxHeadersCount: null,
      reusedSocket: false,
      host: 'localhost',
      protocol: 'http:',
      _redirectable: [Circular *1],
      [Symbol(kCapture)]: false,
      [Symbol(kNeedDrain)]: false,
      [Symbol(corked)]: 0,
      [Symbol(kOutHeaders)]: [Object: null prototype],
      [Symbol(kUniqueHeaders)]: null
    },
    _currentUrl: 'http://localhost:8888/api/transactions/getLastTransactions',
    _timeout: null,
    [Symbol(kCapture)]: false
  }
}
2022-10-21 11:18:16: AxiosError: timeout of 10000ms exceeded
    at RedirectableRequest.handleRequestTimeout (/Users/anlei/Desktop/baas-explorer/node_modules/axios/lib/adapters/http.js:552:16)
    at RedirectableRequest.emit (node:events:513:28)
    at RedirectableRequest.emit (node:domain:489:12)
    at Timeout.<anonymous> (/Users/anlei/Desktop/baas-explorer/node_modules/follow-redirects/index.js:169:12)
    at listOnTimeout (node:internal/timers:559:17)
    at processTimers (node:internal/timers:502:7) {
  code: 'ECONNABORTED',
  config: {
    transitional: {
      silentJSONParsing: true,
      forcedJSONParsing: true,
      clarifyTimeoutError: false
    },
    adapter: [Function: httpAdapter],
    transformRequest: [ [Function: transformRequest] ],
    transformResponse: [ [Function: transformResponse] ],
    timeout: 10000,
    xsrfCookieName: 'XSRF-TOKEN',
    xsrfHeaderName: 'X-XSRF-TOKEN',
    maxContentLength: -1,
    maxBodyLength: -1,
    env: { FormData: [Function], Blob: null },
    validateStatus: [Function: validateStatus],
    headers: AxiosHeaders {
      'User-Agent': 'axios/1.1.2',
      'Accept-Encoding': 'gzip, deflate, br',
      [Symbol(defaults)]: [Object]
    },
    method: 'get',
    url: 'http://localhost:8888/api/transactions/getLastTransactions',
    data: undefined
  },
  request: <ref *1> Writable {
    _writableState: WritableState {
      objectMode: false,
      highWaterMark: 16384,
      finalCalled: false,
      needDrain: false,
      ending: false,
      ended: false,
      finished: false,
      destroyed: false,
      decodeStrings: true,
      defaultEncoding: 'utf8',
      length: 0,
      writing: false,
      corked: 0,
      sync: true,
      bufferProcessing: false,
      onwrite: [Function: bound onwrite],
      writecb: null,
      writelen: 0,
      afterWriteTickInfo: null,
      buffered: [],
      bufferedIndex: 0,
      allBuffers: true,
      allNoop: true,
      pendingcb: 0,
      constructed: true,
      prefinished: false,
      errorEmitted: false,
      emitClose: true,
      autoDestroy: true,
      errored: null,
      closed: false,
      closeEmitted: false,
      [Symbol(kOnFinished)]: []
    },
    _events: [Object: null prototype] {
      response: [Function: handleResponse],
      error: [Function: handleRequestError],
      socket: [Array]
    },
    _eventsCount: 3,
    _maxListeners: undefined,
    _options: {
      maxRedirects: 21,
      maxBodyLength: Infinity,
      protocol: 'http:',
      path: '/api/transactions/getLastTransactions',
      method: 'GET',
      headers: [Object: null prototype],
      agents: [Object],
      auth: undefined,
      beforeRedirect: [Function: dispatchBeforeRedirect],
      beforeRedirects: [Object],
      hostname: 'localhost',
      port: '8888',
      agent: undefined,
      nativeProtocols: [Object],
      pathname: '/api/transactions/getLastTransactions'
    },
    _ended: true,
    _ending: true,
    _redirectCount: 0,
    _redirects: [],
    _requestBodyLength: 0,
    _requestBodyBuffers: [],
    _onNativeResponse: [Function (anonymous)],
    _currentRequest: ClientRequest {
      _events: [Object: null prototype],
      _eventsCount: 7,
      _maxListeners: undefined,
      outputData: [],
      outputSize: 0,
      writable: true,
      destroyed: false,
      _last: true,
      chunkedEncoding: false,
      shouldKeepAlive: false,
      maxRequestsOnConnectionReached: false,
      _defaultKeepAlive: true,
      useChunkedEncodingByDefault: false,
      sendDate: false,
      _removedConnection: false,
      _removedContLen: false,
      _removedTE: false,
      _contentLength: 0,
      _hasBody: true,
      _trailer: '',
      finished: true,
      _headerSent: true,
      _closed: false,
      socket: [Socket],
      _header: 'GET /api/transactions/getLastTransactions HTTP/1.1\r\n' +
        'Accept: application/json, text/plain, */*\r\n' +
        'User-Agent: axios/1.1.2\r\n' +
        'Accept-Encoding: gzip, deflate, br\r\n' +
        'Host: localhost:8888\r\n' +
        'Connection: close\r\n' +
        '\r\n',
      _keepAliveTimeout: 0,
      _onPendingData: [Function: nop],
      agent: [Agent],
      socketPath: undefined,
      method: 'GET',
      maxHeaderSize: undefined,
      insecureHTTPParser: undefined,
      path: '/api/transactions/getLastTransactions',
      _ended: false,
      res: null,
      aborted: false,
      timeoutCb: null,
      upgradeOrConnect: false,
      parser: [HTTPParser],
      maxHeadersCount: null,
      reusedSocket: false,
      host: 'localhost',
      protocol: 'http:',
      _redirectable: [Circular *1],
      [Symbol(kCapture)]: false,
      [Symbol(kNeedDrain)]: false,
      [Symbol(corked)]: 0,
      [Symbol(kOutHeaders)]: [Object: null prototype],
      [Symbol(kUniqueHeaders)]: null
    },
    _currentUrl: 'http://localhost:8888/api/transactions/getLastTransactions',
    _timeout: null,
    [Symbol(kCapture)]: false
  }
}
2022-10-21 11:22:55: 11:22:55 [vite] hmr update /src/pages/Transaction/TransResult.tsx
2022-10-21 11:22:55: 11:22:55 [vite] page reload src/pages/Transaction/TransResult.tsx
2022-10-21 11:22:55: 11:22:55 [vite] page reload src/pages/Transaction/TransResult.tsx
2022-10-21 11:22:55: 11:22:55 [vite] page reload src/pages/Transaction/TransResult.tsx
2022-10-21 11:22:55: 11:22:55 [vite] hmr update /src/pages/Transaction/TransResult.tsx
2022-10-21 11:22:55: 11:22:55 [vite] hmr update /src/pages/Transaction/TransResult.tsx
2022-10-21 11:22:55: 11:22:55 [vite] hmr update /src/pages/Transaction/TransResult.tsx
2022-10-21 11:22:55: 11:22:55 [vite] hmr update /src/pages/Transaction/TransResult.tsx
